0 info it worked if it ends with ok
1 verbose cli [ '/usr/bin/node',
1 verbose cli   '/usr/bin/npm',
1 verbose cli   'install',
1 verbose cli   '--save-dev',
1 verbose cli   'webpack-dev-server' ]
2 info using npm@1.4.28
3 info using node@v0.10.32
4 verbose node symlink /usr/bin/node
5 verbose readDependencies using package.json deps
6 verbose cache add [ 'webpack-dev-server', null ]
7 verbose cache add name=undefined spec="webpack-dev-server" args=["webpack-dev-server",null]
8 verbose parsed url { protocol: null,
8 verbose parsed url   slashes: null,
8 verbose parsed url   auth: null,
8 verbose parsed url   host: null,
8 verbose parsed url   port: null,
8 verbose parsed url   hostname: null,
8 verbose parsed url   hash: null,
8 verbose parsed url   search: null,
8 verbose parsed url   query: null,
8 verbose parsed url   pathname: 'webpack-dev-server',
8 verbose parsed url   path: 'webpack-dev-server',
8 verbose parsed url   href: 'webpack-dev-server' }
9 silly lockFile c567c02f-webpack-dev-server webpack-dev-server
10 verbose lock webpack-dev-server /home/den/.npm/c567c02f-webpack-dev-server.lock
11 silly lockFile c567c02f-webpack-dev-server webpack-dev-server
12 silly lockFile c567c02f-webpack-dev-server webpack-dev-server
13 verbose addNamed [ 'webpack-dev-server', '' ]
14 verbose addNamed [ null, '*' ]
15 silly lockFile b579fb99-webpack-dev-server webpack-dev-server@
16 verbose lock webpack-dev-server@ /home/den/.npm/b579fb99-webpack-dev-server.lock
17 silly addNameRange { name: 'webpack-dev-server', range: '*', hasData: false }
18 verbose request where is /webpack-dev-server
19 verbose request registry http://registry.npmjs.org/
20 verbose request id ca795a9d749daf4a
21 verbose url raw /webpack-dev-server
22 verbose url resolving [ 'http://registry.npmjs.org/', './webpack-dev-server' ]
23 verbose url resolved http://registry.npmjs.org/webpack-dev-server
24 verbose request where is http://registry.npmjs.org/webpack-dev-server
25 info trying registry request attempt 1 at 20:29:15
26 verbose etag "3LKD7H3U2J47LRHWUSR8OSBEE"
27 http GET http://registry.npmjs.org/webpack-dev-server
28 http 200 http://registry.npmjs.org/webpack-dev-server
29 silly registry.get cb [ 200,
29 silly registry.get   { server: 'CouchDB/1.5.0 (Erlang OTP/R16B03)',
29 silly registry.get     etag: '"E4GJHQSME7UJRF3OQUVSNCZZF"',
29 silly registry.get     'content-type': 'application/json',
29 silly registry.get     'cache-control': 'max-age=60',
29 silly registry.get     'content-length': '91429',
29 silly registry.get     'accept-ranges': 'bytes',
29 silly registry.get     date: 'Mon, 12 Oct 2015 18:29:15 GMT',
29 silly registry.get     via: '1.1 varnish',
29 silly registry.get     age: '21',
29 silly registry.get     connection: 'keep-alive',
29 silly registry.get     'x-served-by': 'cache-fra1220-FRA',
29 silly registry.get     'x-cache': 'HIT',
29 silly registry.get     'x-cache-hits': '1',
29 silly registry.get     'x-timer': 'S1444674555.745703,VS0,VE0',
29 silly registry.get     vary: 'Accept' } ]
30 silly addNameRange number 2 { name: 'webpack-dev-server', range: '*', hasData: true }
31 silly addNameRange versions [ 'webpack-dev-server',
31 silly addNameRange   [ '0.6.0',
31 silly addNameRange     '0.6.1',
31 silly addNameRange     '0.6.2',
31 silly addNameRange     '0.7.0',
31 silly addNameRange     '0.7.1',
31 silly addNameRange     '0.7.2',
31 silly addNameRange     '0.8.0',
31 silly addNameRange     '0.8.1',
31 silly addNameRange     '0.8.2',
31 silly addNameRange     '0.9.0',
31 silly addNameRange     '0.9.1',
31 silly addNameRange     '0.9.2',
31 silly addNameRange     '0.9.3',
31 silly addNameRange     '0.9.4',
31 silly addNameRange     '0.10.0',
31 silly addNameRange     '0.10.1',
31 silly addNameRange     '0.11.0',
31 silly addNameRange     '0.11.1',
31 silly addNameRange     '1.0.0',
31 silly addNameRange     '1.0.1',
31 silly addNameRange     '1.0.2',
31 silly addNameRange     '1.1.0',
31 silly addNameRange     '1.2.0',
31 silly addNameRange     '1.2.1',
31 silly addNameRange     '1.2.2',
31 silly addNameRange     '1.2.3',
31 silly addNameRange     '1.2.4',
31 silly addNameRange     '1.2.5',
31 silly addNameRange     '1.2.6',
31 silly addNameRange     '1.2.7',
31 silly addNameRange     '1.2.8',
31 silly addNameRange     '1.2.9',
31 silly addNameRange     '1.3.0',
31 silly addNameRange     '1.3.1',
31 silly addNameRange     '1.3.2',
31 silly addNameRange     '1.4.0',
31 silly addNameRange     '1.4.1',
31 silly addNameRange     '1.4.2',
31 silly addNameRange     '1.4.3',
31 silly addNameRange     '1.4.4',
31 silly addNameRange     '1.4.5',
31 silly addNameRange     '1.4.6',
31 silly addNameRange     '1.4.7',
31 silly addNameRange     '1.4.9',
31 silly addNameRange     '1.4.10',
31 silly addNameRange     '1.5.0',
31 silly addNameRange     '1.6.0',
31 silly addNameRange     '1.6.1',
31 silly addNameRange     '1.6.2',
31 silly addNameRange     '1.6.3',
31 silly addNameRange     '1.6.4',
31 silly addNameRange     '1.6.5',
31 silly addNameRange     '1.6.6',
31 silly addNameRange     '1.7.0',
31 silly addNameRange     '1.8.0',
31 silly addNameRange     '1.8.1',
31 silly addNameRange     '1.8.2',
31 silly addNameRange     '1.9.0',
31 silly addNameRange     '1.10.0',
31 silly addNameRange     '1.10.1',
31 silly addNameRange     '1.11.0',
31 silly addNameRange     '1.12.0' ] ]
32 verbose addNamed [ 'webpack-dev-server', '1.12.0' ]
33 verbose addNamed [ '1.12.0', '1.12.0' ]
34 silly lockFile 5d90befc-webpack-dev-server-1-12-0 webpack-dev-server@1.12.0
35 verbose lock webpack-dev-server@1.12.0 /home/den/.npm/5d90befc-webpack-dev-server-1-12-0.lock
36 silly lockFile 3925e636-er-webpack-dev-server-1-12-0-tgz http://registry.npmjs.org/webpack-dev-server/-/webpack-dev-server-1.12.0.tgz
37 verbose lock http://registry.npmjs.org/webpack-dev-server/-/webpack-dev-server-1.12.0.tgz /home/den/.npm/3925e636-er-webpack-dev-server-1-12-0-tgz.lock
38 verbose addRemoteTarball [ 'http://registry.npmjs.org/webpack-dev-server/-/webpack-dev-server-1.12.0.tgz',
38 verbose addRemoteTarball   '1417becba96b366a9bebf5de4422c86de7716bde' ]
39 info retry fetch attempt 1 at 20:29:15
40 verbose fetch to= /tmp/npm-4792-TGQVQlS6/registry.npmjs.org/webpack-dev-server/-/webpack-dev-server-1.12.0.tgz
41 http GET http://registry.npmjs.org/webpack-dev-server/-/webpack-dev-server-1.12.0.tgz
42 http 200 http://registry.npmjs.org/webpack-dev-server/-/webpack-dev-server-1.12.0.tgz
43 silly lockFile 3925e636-er-webpack-dev-server-1-12-0-tgz http://registry.npmjs.org/webpack-dev-server/-/webpack-dev-server-1.12.0.tgz
44 silly lockFile 3925e636-er-webpack-dev-server-1-12-0-tgz http://registry.npmjs.org/webpack-dev-server/-/webpack-dev-server-1.12.0.tgz
45 silly lockFile 5d90befc-webpack-dev-server-1-12-0 webpack-dev-server@1.12.0
46 silly lockFile 5d90befc-webpack-dev-server-1-12-0 webpack-dev-server@1.12.0
47 silly lockFile b579fb99-webpack-dev-server webpack-dev-server@
48 silly lockFile b579fb99-webpack-dev-server webpack-dev-server@
49 error Error: EACCES, mkdir '/home/den/.npm/webpack-dev-server/1.12.0'
49 error  { [Error: EACCES, mkdir '/home/den/.npm/webpack-dev-server/1.12.0']
49 error   errno: 3,
49 error   code: 'EACCES',
49 error   path: '/home/den/.npm/webpack-dev-server/1.12.0',
49 error   parent: 'item-craft' }
50 error Please try running this command again as root/Administrator.
51 error System Linux 3.13.0-52-generic
52 error command "/usr/bin/node" "/usr/bin/npm" "install" "--save-dev" "webpack-dev-server"
53 error cwd /home/den/www/debt
54 error node -v v0.10.32
55 error npm -v 1.4.28
56 error path /home/den/.npm/webpack-dev-server/1.12.0
57 error code EACCES
58 error errno 3
59 error stack Error: EACCES, mkdir '/home/den/.npm/webpack-dev-server/1.12.0'
60 verbose exit [ 3, true ]
